[debug] [2018-10-06T20:36:36.814Z] ----------------------------------------------------------------------
[debug] [2018-10-06T20:36:36.816Z] Command:       C:\Program Files\nodejs\node.exe C:\Users\asus\AppData\Roaming\npm\node_modules\firebase-tools\bin\firebase serve
[debug] [2018-10-06T20:36:36.817Z] CLI Version:   5.0.1
[debug] [2018-10-06T20:36:36.817Z] Platform:      win32
[debug] [2018-10-06T20:36:36.817Z] Node Version:  v8.12.0
[debug] [2018-10-06T20:36:36.817Z] Time:          Sun Oct 07 2018 03:36:36 GMT+0700 (SE Asia Standard Time)
[debug] [2018-10-06T20:36:36.817Z] ----------------------------------------------------------------------
[debug] 
[debug] [2018-10-06T20:36:36.834Z] > command requires scopes: ["email","openid","https://www.googleapis.com/auth/cloudplatformprojects.readonly","https://www.googleapis.com/auth/firebase","https://www.googleapis.com/auth/cloud-platform"]
[debug] [2018-10-06T20:36:36.835Z] > authorizing via signed-in user
[debug] [2018-10-06T20:36:36.835Z] [iam] checking project webs-63e1f for permissions ["firebase.projects.get"]
[debug] [2018-10-06T20:36:36.837Z] >>> HTTP REQUEST POST https://cloudresourcemanager.googleapis.com/v1/projects/webs-63e1f:testIamPermissions  

[debug] [2018-10-06T20:36:38.118Z] <<< HTTP RESPONSE 200
[debug] [2018-10-06T20:36:38.120Z] >>> HTTP REQUEST GET https://cloudresourcemanager.googleapis.com/v1/projects/webs-63e1f  
 
[debug] [2018-10-06T20:36:39.351Z] <<< HTTP RESPONSE 200
[info] 
[info] === Serving from 'E:\CONTOH WEB\Latihan\Latihan'...
[info] 
[debug] [2018-10-06T20:36:39.355Z] >>> HTTP REQUEST GET https://mobilesdk-pa.googleapis.com/v1/projects/623000929246/clients/_:getWebAppConfig  
 
[debug] [2018-10-06T20:36:40.124Z] <<< HTTP RESPONSE 200
[info] i  hosting: Serving hosting files from: n
[info] +  hosting: Local server: http://localhost:5000
